c:\users\lenovo\desktop\宝石迷阵\src\demo_jewel_fixed2\demo_jewel_fixed2\debug\vc142.pdb
c:\users\lenovo\desktop\宝石迷阵\src\demo_jewel_fixed2\demo_jewel_fixed2\debug\vc142.idb
c:\users\lenovo\desktop\宝石迷阵\src\demo_jewel_fixed2\demo_jewel_fixed2\debug\test.obj
c:\users\lenovo\desktop\宝石迷阵\src\demo_jewel_fixed2\demo_jewel_fixed2\debug\matrixnode.obj
c:\users\lenovo\desktop\宝石迷阵\src\demo_jewel_fixed2\demo_jewel_fixed2\debug\jewel.obj
c:\users\lenovo\desktop\宝石迷阵\src\demo_jewel_fixed2\demo_jewel_fixed2\debug\hintbutton.obj
c:\users\lenovo\desktop\宝石迷阵\src\demo_jewel_fixed2\demo_jewel_fixed2\debug\gametask.obj
c:\users\lenovo\desktop\宝石迷阵\src\demo_jewel_fixed2\demo_jewel_fixed2\debug\gamescene.obj
c:\users\lenovo\desktop\宝石迷阵\src\demo_jewel_fixed2\demo_jewel_fixed2\debug\gamelogic.obj
c:\users\lenovo\desktop\宝石迷阵\src\demo_jewel_fixed2\demo_jewel_fixed2\debug\scoreboard.obj
c:\users\lenovo\desktop\宝石迷阵\src\demo_jewel_fixed2\demo_jewel_fixed2\debug\qnumber.obj
c:\users\lenovo\desktop\宝石迷阵\src\demo_jewel_fixed2\demo_jewel_fixed2\debug\washbutton.obj
c:\users\lenovo\desktop\宝石迷阵\src\demo_jewel_fixed2\demo_jewel_fixed2\debug\submenu.obj
c:\users\lenovo\desktop\宝石迷阵\src\demo_jewel_fixed2\demo_jewel_fixed2\debug\gamemask.obj
c:\users\lenovo\desktop\宝石迷阵\src\demo_jewel_fixed2\demo_jewel_fixed2\debug\gamestatus.obj
c:\users\lenovo\desktop\宝石迷阵\src\demo_jewel_fixed2\debug\demo_jewel_fixed2.exe
c:\users\lenovo\desktop\宝石迷阵\src\demo_jewel_fixed2\debug\demo_jewel_fixed2.ilk
c:\users\lenovo\desktop\宝石迷阵\src\demo_jewel_fixed2\debug\demo_jewel_fixed2.pdb
c:\users\lenovo\desktop\宝石迷阵\src\demo_jewel_fixed2\demo_jewel_fixed2\debug\timerbar.obj
c:\users\lenovo\desktop\宝石迷阵\src\demo_jewel_fixed2\demo_jewel_fixed2\debug\demo_jew.38a93b2a.tlog\cl.command.1.tlog
c:\users\lenovo\desktop\宝石迷阵\src\demo_jewel_fixed2\demo_jewel_fixed2\debug\demo_jew.38a93b2a.tlog\cl.read.1.tlog
c:\users\lenovo\desktop\宝石迷阵\src\demo_jewel_fixed2\demo_jewel_fixed2\debug\demo_jew.38a93b2a.tlog\cl.write.1.tlog
c:\users\lenovo\desktop\宝石迷阵\src\demo_jewel_fixed2\demo_jewel_fixed2\debug\demo_jew.38a93b2a.tlog\link.command.1.tlog
c:\users\lenovo\desktop\宝石迷阵\src\demo_jewel_fixed2\demo_jewel_fixed2\debug\demo_jew.38a93b2a.tlog\link.read.1.tlog
c:\users\lenovo\desktop\宝石迷阵\src\demo_jewel_fixed2\demo_jewel_fixed2\debug\demo_jew.38a93b2a.tlog\link.write.1.tlog
